#
# An unexpected error has been detected by Java Runtime Environment:
#
#  EXCEPTION_ACCESS_VIOLATION (0xc0000005) at pc=0x000007fef49b4884, pid=7444, tid=1284
#
# Java VM: Java HotSpot(TM) 64-Bit Server VM (11.2-b01 mixed mode windows-amd64)
# Problematic frame:
# C  0x000007fef49b4884
#
# If you would like to submit a bug report, please visit:
#   http://java.sun.com/webapps/bugreport/crash.jsp
# The crash happened outside the Java Virtual Machine in native code.
# See problematic frame for where to report the bug.
#

---------------  T H R E A D  ---------------

Current thread (0x000000000180f400):  JavaThread "main" [_thread_in_native, id=1284, stack(0x0000000000030000,0x0000000001030000)]

siginfo: ExceptionCode=0xc0000005, reading address 0x0000000045d22800

Registers:
EAX=0x000007fef48979f0, EBX=0x0000000031c67fd0, ECX=0x0000000045d22800, EDX=0x000000003206acb0
ESP=0x0000000001029670, EBP=0x000000003189e240, ESI=0x00000000ffffffff, EDI=0x000000003189e248
EIP=0x000007fef49b4884, EFLAGS=0x0000000000010206

Top of Stack: (sp=0x0000000001029670)
0x0000000001029670:   0000000031c67fd0 000000003189e240
0x0000000001029680:   00000000ffffffff 0000000032e9b770
0x0000000001029690:   0000000032e84b30 000007fef49b4a82
0x00000000010296a0:   0000000031c67fd0 0000000000000000
0x00000000010296b0:   0000000001029840 0000000032eaf390
0x00000000010296c0:   0000000000000000 000007fef4de9189
0x00000000010296d0:   0000000000000000 0000000032eaf390
0x00000000010296e0:   0000000001029840 000007fef6f3e4cd
0x00000000010296f0:   fffffffffffffffe 0000000032e84b30
0x0000000001029700:   0000000032e84c50 0000000001029840
0x0000000001029710:   0000000032e84c50 000007fef4de9c27
0x0000000001029720:   0000000032eaf390 00000000010297c0
0x0000000001029730:   0000000032eaf390 000007fef6f353b7
0x0000000001029740:   0000000032e928a0 000007fef4dd684d
0x0000000001029750:   0000000000000000 0000000032e84b30
0x0000000001029760:   0000000032e84c50 0000000001029840 

Instructions: (pc=0x000007fef49b4884)
0x000007fef49b4874:   ff 50 10 4c 89 63 28 48 8b 4b 20 48 85 c9 74 0a
0x000007fef49b4884:   48 8b 01 ff 50 10 4c 89 63 20 48 8b 5c 24 30 48 


Stack: [0x0000000000030000,0x0000000001030000],  sp=0x0000000001029670,  free space=16357k
Native frames: (J=compiled Java code, j=interpreted, Vv=VM code, C=native code)
C  0x000007fef49b4884

Java frames: (J=compiled Java code, j=interpreted, Vv=VM code)
j  com.mathworks.jmi.NativeMatlab.SendMatlabMessage(Ljava/lang/Object;)Ljava/lang/Object;+0
j  com.mathworks.jmi.NativeMatlab.sendMatlabMessage(Ljava/lang/Object;)Ljava/lang/Object;+22
j  com.mathworks.jmi.MatlabLooper.sendMatlabMessage(Lcom/mathworks/services/message/MWMessage;)Ljava/lang/Object;+20
j  com.mathworks.jmi.Matlab.mtFevalConsoleOutput(Ljava/lang/String;[Ljava/lang/Object;I)Ljava/lang/Object;+58
j  com.mathworks.mde.desk.MLDesktop$9.run()V+14
j  com.mathworks.jmi.NativeMatlab.dispatchMTRequests(Z)V+50
v  ~StubRoutines::call_stub

---------------  P R O C E S S  ---------------

Java Threads: ( => current thread )
  0x000000002ba04800 JavaThread "Prefs Updater" daemon [_thread_blocked, id=3476, stack(0x0000000033080000,0x0000000033100000)]
  0x0000000031ba4000 JavaThread "Active Reference Queue Daemon" daemon [_thread_blocked, id=7232, stack(0x0000000033200000,0x0000000033280000)]
  0x0000000031ba4800 JavaThread "Timer-10" daemon [_thread_blocked, id=7872, stack(0x0000000033180000,0x0000000033200000)]
  0x0000000031ba5000 JavaThread "Timer-8" daemon [_thread_blocked, id=6072, stack(0x0000000033280000,0x0000000033300000)]
  0x000000002ba04000 JavaThread "Timer-1" [_thread_blocked, id=7556, stack(0x00000000327c0000,0x0000000032840000)]
  0x000000002ba03c00 JavaThread "TimerQueue" daemon [_thread_blocked, id=6432, stack(0x0000000032700000,0x0000000032780000)]
  0x000000002ba02400 JavaThread "AWT-Windows" daemon [_thread_in_native, id=5948, stack(0x0000000031020000,0x00000000310a0000)]
  0x000000002ba01800 JavaThread "Java2D Disposer" daemon [_thread_blocked, id=3092, stack(0x000000002b730000,0x000000002b7b0000)]
  0x000000002b9ff400 JavaThread "Timer-0" [_thread_blocked, id=7480, stack(0x000000002b5f0000,0x000000002b670000)]
  0x000000002b9fec00 JavaThread "JMI Unnamed Thread" [_thread_in_native, id=6124, stack(0x0000000005f30000,0x0000000006f30000)]
  0x000000002b9fe400 JavaThread "Low Memory Detector" daemon [_thread_blocked, id=3948, stack(0x000000002b570000,0x000000002b5f0000)]
  0x000000002ba0bc00 JavaThread "CompilerThread1" daemon [_thread_blocked, id=6516, stack(0x000000002e3a0000,0x000000002f3a0000)]
  0x000000002ba06000 JavaThread "CompilerThread0" daemon [_thread_blocked, id=6796, stack(0x000000002d3a0000,0x000000002e3a0000)]
  0x000000002b9fe000 JavaThread "Attach Listener" daemon [_thread_blocked, id=7936, stack(0x000000002b4f0000,0x000000002b570000)]
  0x000000002b9de000 JavaThread "Finalizer" daemon [_thread_blocked, id=7244, stack(0x0000000006fb0000,0x0000000007030000)]
  0x000000002b9ce400 JavaThread "Reference Handler" daemon [_thread_blocked, id=2304, stack(0x0000000006f30000,0x0000000006fb0000)]
=>0x000000000180f400 JavaThread "main" [_thread_in_native, id=1284, stack(0x0000000000030000,0x0000000001030000)]

Other Threads:
  0x000000002b9c5400 VMThread [stack: 0x000000002c3a0000,0x000000002d3a0000] [id=7340]
  0x000000002ba3c400 WatcherThread [stack: 0x000000002f3a0000,0x00000000303a0000] [id=7108]

VM state:not at safepoint (normal execution)

VM Mutex/Monitor currently owned by a thread: None

Heap
 PSYoungGen      total 13120K, used 4351K [0x00000000203f0000, 0x0000000021400000, 0x00000000234f0000)
  eden space 10176K, 15% used [0x00000000203f0000,0x0000000020583a80,0x0000000020de0000)
  from space 2944K, 92% used [0x0000000021110000,0x00000000213bc4c0,0x00000000213f0000)
  to   space 3136K, 0% used [0x0000000020de0000,0x0000000020de0000,0x00000000210f0000)
 PSOldGen        total 91264K, used 74330K [0x00000000170f0000, 0x000000001ca10000, 0x00000000203f0000)
  object space 91264K, 81% used [0x00000000170f0000,0x000000001b986b10,0x000000001ca10000)
 PSPermGen       total 96832K, used 55084K [0x000000000f0f0000, 0x0000000014f80000, 0x00000000170f0000)
  object space 96832K, 56% used [0x000000000f0f0000,0x00000000126bb068,0x0000000014f80000)

Dynamic libraries:
0x0000000140000000 - 0x000000014002a000 	C:\Program Files\MATLAB\R2010a\bin\win64\MATLAB.exe
0x0000000077230000 - 0x00000000773d9000 	C:\Windows\SYSTEM32\ntdll.dll
0x0000000077110000 - 0x000000007722f000 	C:\Windows\system32\kernel32.dll
0x000007fefd480000 - 0x000007fefd4eb000 	C:\Windows\system32\KERNELBASE.dll
0x000000007ce80000 - 0x000000007cf96000 	C:\Program Files\MATLAB\R2010a\bin\win64\libut.dll
0x000007feff250000 - 0x000007feff269000 	C:\Windows\system32\imagehlp.dll
0x000007fefefe0000 - 0x000007feff07f000 	C:\Windows\system32\msvcrt.dll
0x000007fefef00000 - 0x000007fefefdb000 	C:\Windows\system32\ADVAPI32.dll
0x000007fefeee0000 - 0x000007fefeeff000 	C:\Windows\SYSTEM32\sechost.dll
0x000007fefd5c0000 - 0x000007fefd6ed000 	C:\Windows\system32\RPCRT4.dll
0x00000000773f0000 - 0x00000000773f7000 	C:\Windows\system32\PSAPI.DLL
0x000000007d660000 - 0x000000007d688000 	C:\Program Files\MATLAB\R2010a\bin\win64\LIBEXPAT.dll
0x0000000074c70000 - 0x0000000074d39000 	C:\Windows\WinSxS\amd64_microsoft.vc80.crt_1fc8b3b9a1e18e3b_8.0.50727.6195_none_88e41e092fab0294\MSVCR80.dll
0x000000007d380000 - 0x000000007d4ac000 	C:\Program Files\MATLAB\R2010a\bin\win64\icuuc40.dll
0x000000007c8b0000 - 0x000000007c8b3000 	C:\Program Files\MATLAB\R2010a\bin\win64\icudt40.dll
0x000000007c8c0000 - 0x000000007c8d0000 	C:\Program Files\MATLAB\R2010a\bin\win64\icuio40.dll
0x000000007cb00000 - 0x000000007cc53000 	C:\Program Files\MATLAB\R2010a\bin\win64\icuin40.dll
0x0000000074b60000 - 0x0000000074c69000 	C:\Windows\WinSxS\amd64_microsoft.vc80.crt_1fc8b3b9a1e18e3b_8.0.50727.6195_none_88e41e092fab0294\MSVCP80.dll
0x0000000077010000 - 0x000000007710a000 	C:\Windows\system32\USER32.dll
0x000007fefd550000 - 0x000007fefd5b7000 	C:\Windows\system32\GDI32.dll
0x000007feff270000 - 0x000007feff27e000 	C:\Windows\system32\LPK.dll
0x000007feff080000 - 0x000007feff149000 	C:\Windows\system32\USP10.dll
0x0000000078930000 - 0x0000000078a4e000 	C:\Program Files\MATLAB\R2010a\bin\win64\libmwfl.dll
0x00000000788c0000 - 0x00000000788fe000 	C:\Program Files\MATLAB\R2010a\bin\win64\tbb.dll
0x000000007e960000 - 0x000000007e96f000 	C:\Program Files\MATLAB\R2010a\bin\win64\boost_date_time-vc80-mt-1_36.dll
0x000000007ebf0000 - 0x000000007ec0d000 	C:\Program Files\MATLAB\R2010a\bin\win64\boost_filesystem-vc80-mt-1_36.dll
0x000000007dbd0000 - 0x000000007dbd9000 	C:\Program Files\MATLAB\R2010a\bin\win64\boost_system-vc80-mt-1_36.dll
0x000000007e940000 - 0x000000007e956000 	C:\Program Files\MATLAB\R2010a\bin\win64\boost_signals-vc80-mt-1_36.dll
0x000000007c890000 - 0x000000007c8a1000 	C:\Program Files\MATLAB\R2010a\bin\win64\boost_thread-vc80-mt-1_36.dll
0x000000007d010000 - 0x000000007d298000 	C:\Program Files\MATLAB\R2010a\bin\win64\libmwservices.dll
0x000000007cfa0000 - 0x000000007d00d000 	C:\Program Files\MATLAB\R2010a\bin\win64\libmx.dll
0x00000000792b0000 - 0x00000000792c7000 	C:\Program Files\MATLAB\R2010a\bin\win64\zlib1.dll
0x000000007d2a0000 - 0x000000007d37c000 	C:\Program Files\MATLAB\R2010a\bin\win64\libmwmathutil.dll
0x000000007a9b0000 - 0x000000007aa0e000 	C:\Program Files\MATLAB\R2010a\bin\win64\mpath.dll
0x000000007d690000 - 0x000000007d812000 	C:\Program Files\MATLAB\R2010a\bin\win64\mlutil.dll
0x000000007e860000 - 0x000000007e8ec000 	C:\Program Files\MATLAB\R2010a\bin\win64\xmlcore.dll
0x000000007a320000 - 0x000000007a5b5000 	C:\Program Files\MATLAB\R2010a\bin\win64\xerces-c_2_7.dll
0x000007fefe990000 - 0x000007fefe9dd000 	C:\Windows\system32\WS2_32.dll
0x000007feff320000 - 0x000007feff328000 	C:\Windows\system32\NSI.dll
0x000007fefd870000 - 0x000007fefe5f8000 	C:\Windows\system32\SHELL32.dll
0x000007fefe910000 - 0x000007fefe981000 	C:\Windows\system32\SHLWAPI.dll
0x000007fef67f0000 - 0x000007fef6890000 	C:\Windows\WinSxS\amd64_microsoft.windows.common-controls_6595b64144ccf1df_5.82.7601.17514_none_a4d6a923711520a9\COMCTL32.dll
0x000007feff1b0000 - 0x000007feff247000 	C:\Windows\system32\comdlg32.dll
0x000007fefa560000 - 0x000007fefa576000 	C:\Windows\system32\NETAPI32.dll
0x000007fefc960000 - 0x000007fefc96c000 	C:\Windows\system32\netutils.dll
0x000007fefcd70000 - 0x000007fefcd93000 	C:\Windows\system32\srvcli.dll
0x000007fefa500000 - 0x000007fefa515000 	C:\Windows\system32\wkscli.dll
0x000000007ad90000 - 0x000000007ae2e000 	C:\Program Files\MATLAB\R2010a\bin\win64\mcr.dll
0x0000000001310000 - 0x0000000001335000 	C:\Program Files\MATLAB\R2010a\bin\win64\libmwi18n.dll
0x000000007c8d0000 - 0x000000007c983000 	C:\Program Files\MATLAB\R2010a\bin\win64\iqm.dll
0x000000007b500000 - 0x000000007bdb0000 	C:\Program Files\MATLAB\R2010a\bin\win64\m_interpreter.dll
0x000000007c9b0000 - 0x000000007c9c6000 	C:\Program Files\MATLAB\R2010a\bin\win64\libmex.dll
0x000000007abf0000 - 0x000000007aca4000 	C:\Program Files\MATLAB\R2010a\bin\win64\m_dispatcher.dll
0x000000007ead0000 - 0x000000007ebc1000 	C:\Program Files\MATLAB\R2010a\bin\win64\boost_regex-vc80-mt-1_36.dll
0x000000007aa90000 - 0x000000007ab27000 	C:\Program Files\MATLAB\R2010a\bin\win64\profiler.dll
0x000000007ca40000 - 0x000000007ca71000 	C:\Program Files\MATLAB\R2010a\bin\win64\libmwmathrng.dll
0x0000000079200000 - 0x000000007921a000 	C:\Program Files\MATLAB\R2010a\bin\win64\m_pcodeio.dll
0x000000007a960000 - 0x000000007a9ad000 	C:\Program Files\MATLAB\R2010a\bin\win64\m_ir.dll
0x000000007aef0000 - 0x000000007b4f1000 	C:\Program Files\MATLAB\R2010a\bin\win64\m_parser.dll
0x000000007c990000 - 0x000000007c9a4000 	C:\Program Files\MATLAB\R2010a\bin\win64\ir_xfmr.dll
0x0000000078a50000 - 0x0000000078d2f000 	C:\Program Files\MATLAB\R2010a\bin\win64\mcos.dll
0x000000007ca90000 - 0x000000007ca9c000 	C:\Program Files\MATLAB\R2010a\bin\win64\mtok.dll
0x00000000791d0000 - 0x00000000791f6000 	C:\Program Files\MATLAB\R2010a\bin\win64\m_pcodegen.dll
0x0000000001430000 - 0x0000000001482000 	C:\Program Files\MATLAB\R2010a\bin\win64\libmwspmatrix.dll
0x000007fefb330000 - 0x000007fefb455000 	C:\Windows\system32\dbghelp.dll
0x00000000014a0000 - 0x00000000014cc000 	C:\Program Files\MATLAB\R2010a\bin\win64\libmwbridge.dll
0x000000007c4f0000 - 0x000000007c5b7000 	C:\Program Files\MATLAB\R2010a\bin\win64\udd.dll
0x000000007d4b0000 - 0x000000007d604000 	C:\Program Files\MATLAB\R2010a\bin\win64\libmwgui.dll
0x0000000079320000 - 0x0000000079acf000 	C:\Program Files\MATLAB\R2010a\bin\win64\hg.dll
0x0000000079100000 - 0x0000000079150000 	C:\Program Files\MATLAB\R2010a\bin\win64\libmat.dll
0x000000007cc60000 - 0x000000007ce7b000 	C:\Program Files\MATLAB\R2010a\bin\win64\libhdf5.dll
0x000000007a860000 - 0x000000007a8e3000 	C:\Program Files\MATLAB\R2010a\bin\win64\jmi.dll
0x000000007a790000 - 0x000000007a7d6000 	C:\Program Files\MATLAB\R2010a\bin\win64\libmwhardcopy.dll
0x000000007a8f0000 - 0x000000007a959000 	C:\Program Files\MATLAB\R2010a\bin\win64\libuij.dll
0x0000000078730000 - 0x00000000788b3000 	C:\Program Files\MATLAB\R2010a\bin\win64\hgdatatypes.dll
0x0000000078670000 - 0x0000000078721000 	C:\Program Files\MATLAB\R2010a\bin\win64\hgutils.dll
0x0000000079150000 - 0x00000000791cc000 	C:\Program Files\MATLAB\R2010a\bin\win64\libmwlapack.dll
0x000000007c9e0000 - 0x000000007c9f3000 	C:\Program Files\MATLAB\R2010a\bin\win64\libmwbinder.dll
0x000000007c5c0000 - 0x000000007c881000 	C:\Program Files\MATLAB\R2010a\bin\win64\uiw.dll
0x000000007caf0000 - 0x000000007cafa000 	C:\Program Files\MATLAB\R2010a\bin\win64\uinone.dll
0x00000000749c0000 - 0x0000000074b5c000 	C:\Windows\WinSxS\amd64_microsoft.vc80.mfc_1fc8b3b9a1e18e3b_8.0.50727.6195_none_8448b2bd328df189\MFC80.DLL
0x000007fef6970000 - 0x000007fef69e1000 	C:\Windows\system32\WINSPOOL.DRV
0x000007feff330000 - 0x000007feff533000 	C:\Windows\system32\ole32.dll
0x000007fefedd0000 - 0x000007fefeea7000 	C:\Windows\system32\OLEAUT32.dll
0x000000007ae30000 - 0x000000007aee6000 	C:\Program Files\MATLAB\R2010a\bin\win64\udd_mi.dll
0x0000000079220000 - 0x000000007923f000 	C:\Program Files\MATLAB\R2010a\bin\win64\mwoles05.DLL
0x000000007aa10000 - 0x000000007aa82000 	C:\Program Files\MATLAB\R2010a\bin\win64\comcli.dll
0x0000000074990000 - 0x00000000749b0000 	C:\Windows\WinSxS\amd64_microsoft.vc80.atl_1fc8b3b9a1e18e3b_8.0.50727.6195_none_8a1dd9552ed7f8d8\ATL80.DLL
0x000000007ca80000 - 0x000000007ca8e000 	C:\Program Files\MATLAB\R2010a\bin\win64\mlautoregister.dll
0x000007fefd010000 - 0x000007fefd067000 	C:\Windows\system32\apphelp.dll
0x000007fef73a0000 - 0x000007fef73f1000 	C:\Windows\AppPatch\AppPatch64\AcGenral.DLL
0x000007fefcfe0000 - 0x000007fefd005000 	C:\Windows\system32\SspiCli.dll
0x00000000745c0000 - 0x00000000745c3000 	C:\Windows\system32\sfc.dll
0x000007fef93c0000 - 0x000007fef93d0000 	C:\Windows\system32\sfc_os.DLL
0x000007fefc4c0000 - 0x000007fefc4de000 	C:\Windows\system32\USERENV.dll
0x000007fefd180000 - 0x000007fefd18f000 	C:\Windows\system32\profapi.dll
0x000007fefbbc0000 - 0x000007fefbbd8000 	C:\Windows\system32\dwmapi.dll
0x000007fefad90000 - 0x000007fefada8000 	C:\Windows\system32\MPR.dll
0x000007fefeeb0000 - 0x000007fefeede000 	C:\Windows\system32\IMM32.DLL
0x000007fefec40000 - 0x000007fefed49000 	C:\Windows\system32\MSCTF.dll
0x0000000074dc0000 - 0x0000000074dcd000 	C:\Windows\WinSxS\amd64_microsoft.vc80.mfcloc_1fc8b3b9a1e18e3b_8.0.50727.6195_none_bc20f59b0bdd1acd\MFC80ENU.DLL
0x000007fefc110000 - 0x000007fefc166000 	C:\Windows\system32\uxtheme.dll
0x000007fefa520000 - 0x000007fefa547000 	C:\Windows\system32\iphlpapi.dll
0x000007fefa350000 - 0x000007fefa35b000 	C:\Windows\system32\WINNSI.DLL
0x000007fefc7f0000 - 0x000007fefc84b000 	C:\Windows\system32\DNSAPI.dll
0x000007fef9750000 - 0x000007fef9768000 	C:\Windows\system32\dhcpcsvc.DLL
0x000007fef9930000 - 0x000007fef9941000 	C:\Windows\system32\dhcpcsvc6.DLL
0x0000000065040000 - 0x0000000065043000 	C:\Windows\system32\icmp.Dll
0x000007fefd070000 - 0x000007fefd07f000 	C:\Windows\system32\CRYPTBASE.dll
0x000007fefd2d0000 - 0x000007fefd306000 	C:\Windows\system32\CFGMGR32.dll
0x000000006d7f0000 - 0x000000006dda8000 	C:\Program Files\MATLAB\R2010a\sys\java\jre\win64\jre\bin\server\jvm.dll
0x000007fefb080000 - 0x000007fefb0bb000 	C:\Windows\system32\WINMM.dll
0x000000007aba0000 - 0x000000007abaa000 	C:\Program Files\MATLAB\R2010a\sys\java\jre\win64\jre\bin\hpi.dll
0x000000007abc0000 - 0x000000007abce000 	C:\Program Files\MATLAB\R2010a\sys\java\jre\win64\jre\bin\verify.dll
0x00000000792d0000 - 0x00000000792f7000 	C:\Program Files\MATLAB\R2010a\sys\java\jre\win64\jre\bin\java.dll
0x000000007abd0000 - 0x000000007abe2000 	C:\Program Files\MATLAB\R2010a\sys\java\jre\win64\jre\bin\zip.dll
0x0000000079240000 - 0x000000007926b000 	C:\Program Files\MATLAB\R2010a\bin\win64\nativejava.dll
0x0000000079270000 - 0x00000000792a7000 	C:\Program Files\MATLAB\R2010a\bin\win64\nativejmi.dll
0x000000007cae0000 - 0x000000007caed000 	C:\Program Files\MATLAB\R2010a\bin\win64\nativeservices.dll
0x000000007a5c0000 - 0x000000007a782000 	C:\Program Files\MATLAB\R2010a\sys\java\jre\win64\jre\bin\awt.dll
0x000000007acb0000 - 0x000000007ad1b000 	C:\Program Files\MATLAB\R2010a\sys\java\jre\win64\jre\bin\fontmanager.dll
0x0000000079300000 - 0x0000000079317000 	C:\Program Files\MATLAB\R2010a\sys\java\jre\win64\jre\bin\net.dll
0x000007fefc9a0000 - 0x000007fefc9f5000 	C:\Windows\system32\mswsock.dll
0x000007fefcc70000 - 0x000007fefcc77000 	C:\Windows\System32\wship6.dll
0x000000007abb0000 - 0x000000007abbb000 	C:\Program Files\MATLAB\R2010a\sys\java\jre\win64\jre\bin\nio.dll
0x0000000078300000 - 0x0000000078310000 	C:\Program Files\MATLAB\R2010a\bin\win64\nativelmgr.dll
0x000000007dab0000 - 0x000000007dae5000 	C:\Program Files\MATLAB\R2010a\sys\java\jre\win64\jre\bin\jpeg.dll
0x0000000078310000 - 0x00000000784b8000 	C:\Program Files\MATLAB\R2010a\bin\win64\instutil.dll

VM Arguments:
jvm_args: -Xss512k -XX:PermSize=32m -Xms64m -XX:NewRatio=3 -XX:MaxPermSize=128m -Xmx196m -XX:MaxDirectMemorySize=2147400000 -Dsun.java2d.noddraw=true -Dsun.awt.nopixfmt=true -Xshare:off -Xrs -Djava.library.path=C:\Program Files\MATLAB\R2010a\bin\win64 vfprintf abort 
java_command: <unknown>
Launcher Type: generic

Environment Variables:
CLASSPATH=;C:\Program Files\OpenNI\Bin64\org.OpenNI.jar
PATH=C:\Program Files (x86)\NVIDIA Corporation\PhysX\Common;C:\Program Files\NVIDIA GPU Computing Toolkit\CUDA\v4.1\\bin;C:\Program Files\NVIDIA GPU Computing Toolkit\CUDA\v4.1\libnvvp\;C:\libraries\DLLs\;C:\Program Files (x86)\MiKTeX 2.9\miktex\bin;C:\Program Files\NVIDIA GPU Computing Toolkit\CUDA\v4.0\bin\;C:\Program Files\NVIDIA GPU Computing Toolkit\CUDA\v3.2\bin\;C:\Windows\system32;C:\Windows;C:\Windows\System32\Wbem;C:\Windows\System32\WindowsPowerShell\v1.0\;C:\Program Files\MATLAB\R2010a\runtime\win64;C:\Program Files\MATLAB\R2010a\bin;C:\datasets\AmI.Bins\DLLs;C:\Program Files (x86)\Java\jre6\bin;C:\Program Files\MATLAB\R2010a\bin\win64;C:\Libraries\NVIDIA GPU Computing SDK 3.2\C\common\bin;C:\ProgramData\NVIDIA Corporation\NVIDIA GPU Computing SDK 4.0\C\common\bin;C:\Program Files (x86)\CMake 2.8.7\bin;C:\Program Files (x86)\doxygen\bin;C:\Program Files\LuxRender;C:\Program Files (x86)\OpenNI\Bin;C:\Program Files (x86)\PrimeSense\NITE\bin;;C:\Qt\4.8.1\bin;C:\libraries\coin\bin;C:\Program Files\TortoiseSVN\bin;C:\Program Files\OpenNI\Bin64;C:\Program Files\PrimeSense\NITE\bin64;C:\Libraries\CGAL-3.9\auxiliary\gmp\lib
USERNAME=kyriazis
OS=Windows_NT
PROCESSOR_IDENTIFIER=Intel64 Family 6 Model 26 Stepping 5, GenuineIntel



---------------  S Y S T E M  ---------------

OS: Windows NT 6.1 Build 7601 Service Pack 1

CPU:total 8 (8 cores per cpu, 2 threads per core) family 6 model 10 stepping 5, cmov, cx8, fxsr, mmx, sse, sse2, sse3, ssse3, ht

Memory: 4k page, physical 6282360k(1729628k free), swap 12562864k(6869168k free)

vm_info: Java HotSpot(TM) 64-Bit Server VM (11.2-b01) for windows-amd64 JRE (1.6.0_12-b04), built on Jan 17 2009 01:49:05 by "java_re" with MS VC++ 8.0

time: Tue Feb 19 17:33:50 2013
elapsed time: 9307 seconds

